*ERROR* 	2015/06/24 - 12:23:04: Not unique table/alias: 'pa'<br /><br /><pre>
			SELECT
				p.*,
				product_shop.*,
				product_shop.id_category_default,
				pl.*,
				MAX(image_shop.`id_image`) id_image,
				il.legend,
				m.name manufacturer_name,
				MAX(product_attribute_shop.id_product_attribute) id_product_attribute,
				DATEDIFF(product_shop.`date_add`, DATE_SUB(NOW(), INTERVAL 0 DAY)) > 0 AS new,
				stock.out_of_stock, IFNULL(stock.quantity, 0) as quantity
			FROM `ps_category_product` cp
			LEFT JOIN ps_category c ON (c.id_category = cp.id_category)
			LEFT JOIN `ps_product` p ON p.`id_product` = cp.`id_product`
			 INNER JOIN ps_product_shop product_shop
		ON (product_shop.id_product = p.id_product AND product_shop.id_shop = 1)
			LEFT JOIN `ps_product_attribute` pa ON (p.`id_product` = pa.`id_product`)
			 LEFT JOIN ps_product_attribute_shop product_attribute_shop
		ON (product_attribute_shop.id_product_attribute = pa.id_product_attribute AND product_attribute_shop.id_shop = 1 AND product_attribute_shop.`default_on` = 1)
			 LEFT 
			JOIN ps_stock_available stock
			ON (stock.id_product = p.id_product AND stock.id_product_attribute = IFNULL(`product_attribute_shop`.id_product_attribute, 0) AND stock.id_shop = 1  AND stock.id_shop_group = 0  )
			LEFT JOIN ps_product_lang pl ON (pl.id_product = p.id_product AND pl.id_shop = 1  AND pl.id_lang = 1)
			LEFT JOIN `ps_image` i  ON (i.`id_product` = p.`id_product`) LEFT JOIN ps_image_shop image_shop
		ON (image_shop.id_image = i.id_image AND image_shop.id_shop = 1 AND image_shop.cover=1)
			LEFT JOIN `ps_image_lang` il ON (image_shop.`id_image` = il.`id_image` AND il.`id_lang` = 1)
			LEFT JOIN ps_manufacturer m ON (m.id_manufacturer = p.id_manufacturer)
			LEFT JOIN ps_product_attribute pa ON (p.id_product = pa.id_product) LEFT JOIN ps_product_attribute_shop product_attribute_shop
		ON (product_attribute_shop.id_product_attribute = pa.id_product_attribute AND product_attribute_shop.id_shop = 1 AND product_attribute_shop.`default_on` = 1)			
			WHERE product_shop.`active` = 1 AND product_shop.`visibility` IN ("both", "catalog")
			AND c.nleft >= 3 AND c.nright <= 20
			AND c.active = 1
			AND p.id_product IN (5,6,7,8,9,10,11,12,13,14,22,23,24,25,26,27,28,29,30,31,32,33,34,35,36,37,38,39,40,41,42,44,46,47,48,49,50,51,52,53,54,104,105,106,108,109,110,112,114,115,116,117,118,119,120,121,122,123,124,125,126,127,128,129,130,131,132,133,135,136,137,138,139,140,141,142,143,144,145,149,150,151,152,153,154,155,156,157,158,159,160,161,162,163,164,165,167,168,169,170,172,174,176,177,178,180,181,182,183,184,185,186,187,191,202,203,204,205,206,207,208,209,210,212,213,214,216)
			GROUP BY product_shop.id_product
			ORDER BY p.price asc LIMIT 0,15</pre> at line 646 in file classes/db/Db.php
*ERROR* 	2015/06/24 - 12:34:55: Not unique table/alias: 'pa'<br /><br /><pre>
			SELECT
				p.*,
				product_shop.*,
				product_shop.id_category_default,
				pl.*,
				MAX(image_shop.`id_image`) id_image,
				il.legend,
				m.name manufacturer_name,
				MAX(product_attribute_shop.id_product_attribute) id_product_attribute,
				DATEDIFF(product_shop.`date_add`, DATE_SUB(NOW(), INTERVAL 0 DAY)) > 0 AS new,
				stock.out_of_stock, IFNULL(stock.quantity, 0) as quantity
			FROM `ps_category_product` cp
			LEFT JOIN ps_category c ON (c.id_category = cp.id_category)
			LEFT JOIN `ps_product` p ON p.`id_product` = cp.`id_product`
			 INNER JOIN ps_product_shop product_shop
		ON (product_shop.id_product = p.id_product AND product_shop.id_shop = 1)
			LEFT JOIN `ps_product_attribute` pa ON (p.`id_product` = pa.`id_product`)
			 LEFT JOIN ps_product_attribute_shop product_attribute_shop
		ON (product_attribute_shop.id_product_attribute = pa.id_product_attribute AND product_attribute_shop.id_shop = 1 AND product_attribute_shop.`default_on` = 1)
			 LEFT 
			JOIN ps_stock_available stock
			ON (stock.id_product = p.id_product AND stock.id_product_attribute = IFNULL(`product_attribute_shop`.id_product_attribute, 0) AND stock.id_shop = 1  AND stock.id_shop_group = 0  )
			LEFT JOIN ps_product_lang pl ON (pl.id_product = p.id_product AND pl.id_shop = 1  AND pl.id_lang = 1)
			LEFT JOIN `ps_image` i  ON (i.`id_product` = p.`id_product`) LEFT JOIN ps_image_shop image_shop
		ON (image_shop.id_image = i.id_image AND image_shop.id_shop = 1 AND image_shop.cover=1)
			LEFT JOIN `ps_image_lang` il ON (image_shop.`id_image` = il.`id_image` AND il.`id_lang` = 1)
			LEFT JOIN ps_manufacturer m ON (m.id_manufacturer = p.id_manufacturer)
			LEFT JOIN ps_product_attribute pa ON (p.id_product = pa.id_product) LEFT JOIN ps_product_attribute_shop product_attribute_shop
		ON (product_attribute_shop.id_product_attribute = pa.id_product_attribute AND product_attribute_shop.id_shop = 1 AND product_attribute_shop.`default_on` = 1)
			WHERE product_shop.`active` = 1 AND product_shop.`visibility` IN ("both", "catalog")
			AND c.nleft >= 3 AND c.nright <= 20
			AND c.active = 1
			AND p.id_product IN (5,6,7,8,9,10,11,12,13,14,22,23,24,25,26,27,28,29,30,31,32,33,34,35,36,37,38,39,40,41,42,44,46,47,48,49,50,51,52,53,54,104,105,106,108,109,110,112,114,115,116,117,118,119,120,121,122,123,124,125,126,127,128,129,130,131,132,133,135,136,137,138,139,140,141,142,143,144,145,149,150,151,152,153,154,155,156,157,158,159,160,161,162,163,164,165,167,168,169,170,172,174,176,177,178,180,181,182,183,184,185,186,187,191,202,203,204,205,206,207,208,209,210,212,213,214,216)
			GROUP BY product_shop.id_product
			ORDER BY p.price asc LIMIT 0,15</pre> at line 646 in file classes/db/Db.php
